{
  "RSpec": {
    "coverage": {
      "/home/rafael/workspace/BMI-test/app/services/bmi/create.rb": [
        1,
        1,
        6,
        6,
        null,
        null,
        1,
        6,
        6,
        null,
        null,
        1,
        6,
        null,
        null,
        1,
        1,
        6,
        null,
        1,
        null,
        0,
        null,
        1,
        null,
        1,
        null,
        1,
        null,
        1,
        null,
        1,
        null,
        0,
        null,
        null,
        null
      ],
      "/home/rafael/workspace/BMI-test/app/jobs/application_job.rb": [
        0,
        0
      ],
      "/home/rafael/workspace/BMI-test/app/models/user.rb": [
        0,
        0,
        0,
        0,
        0,
        0
      ],
      "/home/rafael/workspace/BMI-test/app/models/application_record.rb": [
        0,
        0,
        0
      ],
      "/home/rafael/workspace/BMI-test/app/controllers/users_controller.rb": [
        0,
        0,
        0,
        0,
        0,
        0,
        0,
        0,
        0,
        0,
        0,
        0,
        0,
        0,
        0,
        0,
        0,
        0,
        0,
        0,
        0,
        0,
        0,
        0,
        0,
        0,
        0,
        0,
        0,
        0,
        0,
        0,
        0,
        0,
        0,
        0,
        0,
        0,
        0,
        0,
        0,
        0,
        0,
        0,
        0,
        0,
        0,
        0,
        0,
        0,
        0,
        0,
        0,
        0,
        0,
        0,
        0,
        0,
        0,
        0,
        0,
        0,
        0,
        0
      ],
      "/home/rafael/workspace/BMI-test/app/controllers/application_controller.rb": [
        0,
        0,
        0,
        0
      ],
      "/home/rafael/workspace/BMI-test/app/controllers/calculations_controller.rb": [
        0,
        0,
        0,
        0,
        0,
        0,
        0,
        0,
        0,
        0,
        0,
        0,
        0,
        0
      ],
      "/home/rafael/workspace/BMI-test/app/controllers/dashboard_controller.rb": [
        0,
        0,
        0,
        0,
        0,
        0
      ],
      "/home/rafael/workspace/BMI-test/app/mailers/application_mailer.rb": [
        0,
        0,
        0,
        0
      ],
      "/home/rafael/workspace/BMI-test/app/channels/application_cable/channel.rb": [
        0,
        0,
        0,
        0
      ],
      "/home/rafael/workspace/BMI-test/app/channels/application_cable/connection.rb": [
        0,
        0,
        0,
        0
      ],
      "/home/rafael/workspace/BMI-test/app/helpers/application_helper.rb": [
        0,
        0
      ],
      "/home/rafael/workspace/BMI-test/app/helpers/users_helper.rb": [
        0,
        0
      ]
    },
    "timestamp": 1508099744
  }
}
